<?xml version="1.0" encoding="UTF-8"?>
<testng-results ignored="0" total="1" passed="1" failed="0" skipped="0">
  <reporter-output>
  </reporter-output>
  <suite started-at="2021-06-14T23:22:36 MYT" name="Default suite" finished-at="2021-06-14T23:22:36 MYT" duration-ms="59">
    <groups>
    </groups>
    <test started-at="2021-06-14T23:22:36 MYT" name="Default test" finished-at="2021-06-14T23:22:36 MYT" duration-ms="59">
      <class name="automac.TNGFrameworkTest">
        <test-method signature="f()[pri:0, instance:automac.TNGFrameworkTest@f2f2cc1]" started-at="2021-06-14T23:22:36 MYT" name="f" finished-at="2021-06-14T23:22:36 MYT" duration-ms="13" status="PASS">
          <reporter-output>
          </reporter-output>
        </test-method> <!-- f -->
      </class> <!-- automac.TNGFrameworkTest -->
    </test> <!-- Default test -->
  </suite> <!-- Default suite -->
</testng-results>
